2025-05-19 17:24:46,903 - WARNING - Intento de listar mascotas cuando no hay ninguna registrada
2025-05-19 17:31:02,208 - ERROR - Mascota no encontrada al intentar ver historial: asdas
2025-05-19 17:31:02,209 - ERROR - Error al ver historial de consultas: asdas
2025-05-19 17:31:29,417 - WARNING - Mascota no encontrada: asads
2025-05-19 17:31:37,402 - ERROR - Intento de registrar edad con formato invlido
2025-05-19 17:31:37,402 - ERROR - Error al registrar mascota: ('edad', 'Debe ser un nmero entero.')
2025-05-19 17:31:37,402 - ERROR - Error al registrar consulta: ('edad', 'Debe ser un nmero entero.')
2025-05-19 17:35:36,436 - WARNING - Mascota no encontrada: adssd
2025-05-19 17:35:39,719 - ERROR - Intento de registrar edad con formato inv谩lido
2025-05-19 17:35:39,719 - ERROR - Error al registrar mascota: ('edad', 'Debe ser un n煤mero entero.')
2025-05-19 17:35:39,719 - ERROR - Error al registrar consulta: ('edad', 'Debe ser un n煤mero entero.')
2025-05-19 17:49:03,817 - ERROR - Mascota no encontrada al intentar ver historial: a
2025-05-19 17:49:03,818 - ERROR - Error al ver historial de consultas: a
2025-05-19 17:49:17,156 - WARNING - Due帽o no encontrado con tel茅fono: 123
2025-05-19 17:49:22,867 - INFO - Mascota registrada exitosamente: adsa (asdad)
2025-05-19 20:27:42,233 - ERROR - Mascota no encontrada al intentar ver historial: asd
2025-05-19 20:27:42,233 - ERROR - Error al ver historial de consultas: asd
2025-05-19 20:36:12,492 - ERROR - Mascota no encontrada al intentar ver historial: adasd
2025-05-19 20:36:12,493 - ERROR - Error al ver historial de consultas: La mascota 'adasd' no fue encontrada.
2025-05-19 20:37:21,333 - INFO - Iniciando aplicaci贸n de Cl铆nica Veterinaria 'Amigos Peludos'
2025-05-19 20:37:23,369 - INFO - Usuario seleccion贸: Ver historial de consultas
2025-05-19 20:37:24,074 - ERROR - Mascota no encontrada al intentar ver historial: ads
2025-05-19 20:37:24,074 - ERROR - Error al ver historial de consultas: La mascota 'ads' no fue encontrada.
2025-05-19 20:37:24,074 - ERROR - Error en la operaci贸n: La mascota 'ads' no fue encontrada.
2025-05-19 20:37:36,554 - INFO - Usuario seleccion贸: Listar todas las mascotas
2025-05-19 20:37:43,631 - INFO - Usuario seleccion贸: Listar todas las mascotas
2025-05-19 20:37:47,377 - INFO - Usuario seleccion贸: Ver historial de consultas
2025-05-19 20:37:48,680 - ERROR - Mascota no encontrada al intentar ver historial: asdads
2025-05-19 20:37:48,681 - ERROR - Error al ver historial de consultas: La mascota 'asdads' no fue encontrada.
2025-05-19 20:37:48,681 - ERROR - Error en la operaci贸n: La mascota 'asdads' no fue encontrada.
2025-05-19 20:37:52,977 - INFO - Usuario seleccion贸: Registrar nueva mascota
2025-05-19 20:37:55,787 - ERROR - Error en la operaci贸n: Entrada inv谩lida para el campo 'edad'. Debe ser un n煤mero entero.
2025-05-19 20:37:59,156 - INFO - Usuario seleccion贸: Salir de la aplicaci贸n
2025-05-19 20:37:59,158 - INFO - Aplicaci贸n finalizada correctamente
2025-05-19 20:39:03,537 - INFO - Iniciando aplicaci贸n de Cl铆nica Veterinaria 'Amigos Peludos'
2025-05-19 20:39:13,707 - INFO - Iniciando aplicaci贸n de Cl铆nica Veterinaria 'Amigos Peludos'
2025-05-19 20:39:38,566 - INFO - Iniciando aplicaci贸n de Cl铆nica Veterinaria 'Amigos Peludos'
2025-05-19 20:39:45,963 - INFO - Usuario seleccion贸: Listar todas las mascotas
2025-05-19 20:39:53,562 - INFO - Usuario seleccion贸: Registrar nueva consulta
2025-05-19 20:39:55,953 - WARNING - Mascota no encontrada: sad
2025-05-19 20:39:58,364 - ERROR - Error al registrar consulta: Entrada inv谩lida para el campo 'edad'. Debe ser un n煤mero entero.
2025-05-19 20:39:58,365 - ERROR - Error en la operaci贸n: Entrada inv谩lida para el campo 'edad'. Debe ser un n煤mero entero.
2025-05-19 20:39:59,874 - WARNING - Opci贸n inv谩lida seleccionada: sd
2025-05-19 20:40:00,400 - WARNING - Opci贸n inv谩lida seleccionada: dsa
2025-05-19 20:40:08,168 - INFO - Usuario seleccion贸: Salir de la aplicaci贸n
2025-05-19 20:40:08,168 - INFO - Aplicaci贸n finalizada correctamente
